-------------------------------------------------------------------------------
Test set: com.simpleapplication.persondemographic.PersonDemographicApplicationTests
-------------------------------------------------------------------------------
Tests run: 1, Failures: 0, Errors: 1, Skipped: 0, Time elapsed: 1.443 s <<< FAILURE! - in com.simpleapplication.persondemographic.PersonDemographicApplicationTests
initializationError(com.simpleapplication.persondemographic.PersonDemographicApplicationTests)  Time elapsed: 0.008 s  <<< ERROR!
java.lang.IllegalStateException: Unable to find a @SpringBootConfiguration, you need to use @ContextConfiguration or @SpringBootTest(classes=...) with your test

